<?xml version="1.0" encoding="UTF-8"?><testsuite failures="0" name="cucumber.runtime.formatter.JUnitFormatter" skipped="1" tests="1" time="5.339876">
<testcase classname="Introduction to cucumber part 2" name="Simple scenario 4 - Check Age page functionality2" time="5.339876">
<skipped><![CDATA[Given User2 navigates to Age page...........................................pending
When User2 enters name : "Emils"............................................skipped
And User2 enters age : "7"..................................................skipped
And User2 clicks on Submit button...........................................skipped
Then User2 receives Hello message...........................................skipped
]]></skipped>
</testcase>
</testsuite>
